  main.cpp
c:\users\roberto\source\repos\3dcannon\3dcannon\main.cpp(84): warning C4305: 'argument': truncation from 'double' to 'float'
c:\users\roberto\source\repos\3dcannon\3dcannon\main.cpp(164): warning C4244: '=': conversion from 'double' to 'int', possible loss of data
c:\users\roberto\source\repos\3dcannon\3dcannon\main.cpp(165): warning C4244: '=': conversion from 'double' to 'int', possible loss of data
c:\users\roberto\source\repos\3dcannon\3dcannon\main.cpp(819): warning C4305: 'argument': truncation from 'double' to 'float'
c:\users\roberto\source\repos\3dcannon\3dcannon\main.cpp(850): warning C4305: 'argument': truncation from 'double' to 'float'
c:\users\roberto\source\repos\3dcannon\3dcannon\main.cpp(880): warning C4305: 'argument': truncation from 'double' to 'float'
c:\users\roberto\source\repos\3dcannon\3dcannon\main.cpp(966): warning C4305: 'argument': truncation from 'double' to 'float'
c:\users\roberto\source\repos\3dcannon\3dcannon\main.cpp(998): warning C4244: 'argument': conversion from 'int' to 'float', possible loss of data
c:\users\roberto\source\repos\3dcannon\3dcannon\main.cpp(1000): warning C4305: 'argument': truncation from 'double' to 'float'
c:\users\roberto\source\repos\3dcannon\3dcannon\main.cpp(1061): warning C4305: 'argument': truncation from 'double' to 'float'
c:\users\roberto\source\repos\3dcannon\3dcannon\main.cpp(1093): warning C4244: 'argument': conversion from 'int' to 'float', possible loss of data
c:\users\roberto\source\repos\3dcannon\3dcannon\main.cpp(1095): warning C4305: 'argument': truncation from 'double' to 'float'
c:\users\roberto\source\repos\3dcannon\3dcannon\main.cpp(1124): warning C4305: 'argument': truncation from 'double' to 'float'
c:\users\roberto\source\repos\3dcannon\3dcannon\main.cpp(1182): warning C4305: 'argument': truncation from 'double' to 'float'
c:\users\roberto\source\repos\3dcannon\3dcannon\main.cpp(1184): warning C4305: 'argument': truncation from 'double' to 'float'
c:\users\roberto\source\repos\3dcannon\3dcannon\main.cpp(1216): warning C4305: 'argument': truncation from 'double' to 'float'
c:\users\roberto\source\repos\3dcannon\3dcannon\main.cpp(1218): warning C4305: 'argument': truncation from 'double' to 'float'
c:\users\roberto\source\repos\3dcannon\3dcannon\main.cpp(1244): warning C4305: 'argument': truncation from 'double' to 'float'
c:\users\roberto\source\repos\3dcannon\3dcannon\main.cpp(1248): warning C4305: 'argument': truncation from 'double' to 'float'
c:\users\roberto\source\repos\3dcannon\3dcannon\main.cpp(1277): warning C4305: 'argument': truncation from 'double' to 'float'
c:\users\roberto\source\repos\3dcannon\3dcannon\main.cpp(1283): warning C4305: 'argument': truncation from 'double' to 'float'
c:\users\roberto\source\repos\3dcannon\3dcannon\main.cpp(1356): warning C4305: 'argument': truncation from 'double' to 'float'
c:\users\roberto\source\repos\3dcannon\3dcannon\main.cpp(1361): warning C4305: 'argument': truncation from 'double' to 'float'
c:\users\roberto\source\repos\3dcannon\3dcannon\main.cpp(1375): warning C4305: '+=': truncation from 'double' to 'float'
c:\users\roberto\source\repos\3dcannon\3dcannon\main.cpp(1380): warning C4305: '-=': truncation from 'double' to 'float'
soil2-debug.lib(SOIL2.obj) : warning LNK4075: ignoring '/EDITANDCONTINUE' due to '/OPT:ICF' specification
LINK : warning LNK4098: defaultlib 'MSVCRTD' conflicts with use of other libs; use /NODEFAULTLIB:library
  Generating code
  2 of 839 functions ( 0.2%) were compiled, the rest were copied from previous compilation.
    0 functions were new in current compilation
    0 functions had inline decision re-evaluated but remain unchanged
  Finished generating code
  3dCannon.vcxproj -> C:\Users\Roberto\source\repos\3dCannon\Release\3dCannon.exe
